<?xml version="1.0" encoding="UTF-8"?>
<!-- Generated by org.testng.reporters.JUnitReportReporter -->
<testsuite name="br.com.gcs.test.CL_MeusDadosTest" tests="4" time="30.987" ignored="1" failures="0" timestamp="04 mar 2017 01:55:21 GMT" skipped="0" hostname="DESKTOP-S0R30VE" errors="0">
  <testcase name="dataInvalida" time="3.401" classname="br.com.gcs.test.CL_MeusDadosTest"/>
  <testcase name="cpfInvalido" time="17.658" classname="br.com.gcs.test.CL_MeusDadosTest"/>
  <testcase name="validarRenda" time="5.535" classname="br.com.gcs.test.CL_MeusDadosTest"/>
  <testcase name="nomeIncompleto" time="4.393" classname="br.com.gcs.test.CL_MeusDadosTest"/>
  <testcase name="avancar" classname="br.com.gcs.test.CL_MeusDadosTest">
    <skipped/>
  </testcase> <!-- avancar -->
</testsuite> <!-- br.com.gcs.test.CL_MeusDadosTest -->
