<?xml version="1.0" encoding="UTF-8"?>
<!-- Generated by org.testng.reporters.JUnitReportReporter -->
<testsuite name="br.com.gcs.test.CL_DadosProdutoTest" tests="3" time="9.181" ignored="1" failures="0" timestamp="28 fev 2017 22:27:49 GMT" skipped="0" hostname="DESKTOP-S0R30VE" errors="0">
  <testcase name="camposObrigatorios" time="4.682" classname="br.com.gcs.test.CL_DadosProdutoTest"/>
  <testcase name="avancarProximaAba" time="1.766" classname="br.com.gcs.test.CL_DadosProdutoTest"/>
  <testcase name="validarValorMesalidade" time="2.733" classname="br.com.gcs.test.CL_DadosProdutoTest"/>
  <testcase name="avancar" classname="br.com.gcs.test.CL_MeusDadosTest">
    <skipped/>
  </testcase> <!-- avancar -->
</testsuite> <!-- br.com.gcs.test.CL_DadosProdutoTest -->
