<?xml version="1.0" encoding="UTF-8"?>
<!-- Generated by org.testng.reporters.JUnitReportReporter -->
<testsuite name="br.com.gcs.test.CL_DadosProdutoTest" tests="3" time="9.028" ignored="1" failures="0" timestamp="04 mar 2017 01:55:21 GMT" skipped="0" hostname="DESKTOP-S0R30VE" errors="0">
  <testcase name="avancarProximaAba" time="1.784" classname="br.com.gcs.test.CL_DadosProdutoTest"/>
  <testcase name="validarValorMesalidade" time="2.702" classname="br.com.gcs.test.CL_DadosProdutoTest"/>
  <testcase name="camposObrigatorios" time="4.542" classname="br.com.gcs.test.CL_DadosProdutoTest"/>
  <testcase name="avancar" classname="br.com.gcs.test.CL_MeusDadosTest">
    <skipped/>
  </testcase> <!-- avancar -->
</testsuite> <!-- br.com.gcs.test.CL_DadosProdutoTest -->
