<?xml version="1.0" encoding="UTF-8"?>
<!-- Generated by org.testng.reporters.JUnitReportReporter -->
<testsuite name="br.com.gcs.test.CL_MeusDadosTest" tests="4" time="30.042" ignored="1" failures="0" timestamp="28 fev 2017 22:27:49 GMT" skipped="0" hostname="DESKTOP-S0R30VE" errors="0">
  <testcase name="validarRenda" time="5.362" classname="br.com.gcs.test.CL_MeusDadosTest"/>
  <testcase name="nomeIncompleto" time="4.221" classname="br.com.gcs.test.CL_MeusDadosTest"/>
  <testcase name="cpfInvalido" time="17.260" classname="br.com.gcs.test.CL_MeusDadosTest"/>
  <testcase name="dataInvalida" time="3.199" classname="br.com.gcs.test.CL_MeusDadosTest"/>
  <testcase name="avancar" classname="br.com.gcs.test.CL_MeusDadosTest">
    <skipped/>
  </testcase> <!-- avancar -->
</testsuite> <!-- br.com.gcs.test.CL_MeusDadosTest -->
