<?xml version="1.0" encoding="UTF-8"?>
<!-- Generated by org.testng.reporters.JUnitReportReporter -->
<testsuite name="br.com.gcs.test.CL_DadosProdutoTest" tests="1" time="4.380" ignored="2" failures="0" timestamp="09 mar 2017 01:05:05 GMT" skipped="0" hostname="DESKTOP-S0R30VE" errors="0">
  <testcase name="camposObrigatorios" time="4.380" classname="br.com.gcs.test.CL_DadosProdutoTest"/>
  <testcase name="validarValorMesalidade" classname="br.com.gcs.test.CL_DadosProdutoTest">
    <skipped/>
  </testcase> <!-- validarValorMesalidade -->
  <testcase name="avancarProximaAba" classname="br.com.gcs.test.CL_DadosProdutoTest">
    <skipped/>
  </testcase> <!-- avancarProximaAba -->
</testsuite> <!-- br.com.gcs.test.CL_DadosProdutoTest -->
