<?xml version="1.0" encoding="UTF-8"?>
<!-- Generated by org.testng.reporters.JUnitReportReporter -->
<testsuite name="br.com.gcs.test.CL_DadosProdutoTest" tests="3" time="14.846" ignored="0" failures="0" timestamp="28 fev 2017 18:15:54 GMT" skipped="0" hostname="DESKTOP-S0R30VE" errors="0">
  <testcase name="avancarProximaAba" time="5.191" classname="br.com.gcs.test.CL_DadosProdutoTest"/>
  <testcase name="validarCamposObrigatorios" time="5.937" classname="br.com.gcs.test.CL_DadosProdutoTest"/>
  <testcase name="validarValorMesalidade" time="3.718" classname="br.com.gcs.test.CL_DadosProdutoTest"/>
</testsuite> <!-- br.com.gcs.test.CL_DadosProdutoTest -->
